Arguments: 
  /usr/local/bin/node /usr/local/bin/yarn add mulan

PATH: 
  /usr/local/bin:/usr/bin:/bin:/usr/sbin:/sbin

Yarn version: 
  1.7.0

Node version: 
  8.11.3

Platform: 
  darwin x64

Trace: 
  SyntaxError: /Users/matthartley/Documents/giantjelly/package.json: Unexpected token } in JSON at position 267
      at JSON.parse (<anonymous>)
      at /usr/local/lib/node_modules/yarn/lib/cli.js:1130:59
      at Generator.next (<anonymous>)
      at step (/usr/local/lib/node_modules/yarn/lib/cli.js:98:30)
      at /usr/local/lib/node_modules/yarn/lib/cli.js:109:13
      at <anonymous>

npm manifest: 
  {
    "name": "giantjelly",
    "version": "1.0.0",
    "main": "index.js",
    "license": "MIT",
    "scripts": {
      "start": "watchify src/index.js -o public/index.js -t [babelify] & http-server",
      "build": "browserify src/index.js -o public/index.js -t [babelify]"
    },
  }

yarn manifest: 
  No manifest

Lockfile: 
  No lockfile
